TN:
SF:/home/peppidesu/dev/ruschess/app/src/main.rs
FN:1,main
FNF:1
FNDA:2,main
DA:1,2
DA:2,0
LF:2
LH:1
end_of_record
TN:
SF:/home/peppidesu/dev/ruschess/core/src/board.rs
FN:11,empty
FN:17,squares
FN:21,squares_mut
FN:25,rank
FN:33,file
FN:45,get
FN:49,set
FN:52,find_king
FN:53,{closure#0}
FN:54,{closure#0}
FNF:10
FNDA:10,empty
FNDA:1,squares
FNDA:3,squares_mut
FNDA:2,rank
FNDA:1,file
FNDA:6,get
FNDA:6,set
FNDA:1,find_king
FNDA:3,{closure#0}
FNDA:2,{closure#0}
DA:11,10
DA:13,11
DA:17,1
DA:21,3
DA:25,2
DA:26,2
DA:27,1
DA:30,2
DA:33,1
DA:34,2
DA:35,1
DA:38,1
DA:39,3
DA:40,1
DA:45,6
DA:47,6
DA:49,6
DA:50,6
DA:52,1
DA:53,3
DA:54,2
DA:55,2
DA:56,1
DA:58,1
LF:24
LH:24
end_of_record
TN:
SF:/home/peppidesu/dev/ruschess/core/src/moves.rs
FN:56,new
FN:100,add_move_if_valid
FN:125,make_bischop_moves
FN:180,make_rook_moves
FN:230,make_queen_moves
FN:237,make_knight_moves
FN:277,make_king_moves
FN:307,make_pawn_promotions
FN:331,make_pawn_promotion_captures
FN:365,make_pawn_pushes
FN:392,make_pawn_captures
FN:454,make_pawn_moves
FN:461,make_castle_moves
FN:501,get_moves_for_square
FN:523,get_moves
FN:533,prune_moves_into_check
FN:540,{closure#0}
FNF:17
FNDA:6,new
FNDA:1,add_move_if_valid
FNDA:1,make_bischop_moves
FNDA:1,make_rook_moves
FNDA:1,make_queen_moves
FNDA:1,make_knight_moves
FNDA:1,make_king_moves
FNDA:2,make_pawn_promotions
FNDA:1,make_pawn_promotion_captures
FNDA:6,make_pawn_pushes
FNDA:4,make_pawn_captures
FNDA:6,make_pawn_moves
FNDA:2,make_castle_moves
FNDA:6,get_moves_for_square
FNDA:6,get_moves
FNDA:1,prune_moves_into_check
FNDA:0,{closure#0}
DA:56,6
DA:57,6
DA:75,6
DA:76,6
DA:79,1
DA:80,1
DA:83,2
DA:84,3
DA:87,3
DA:88,3
DA:91,1
DA:92,1
DA:95,1
DA:96,1
DA:100,1
DA:107,2
DA:108,1
DA:109,0
DA:115,1
DA:117,1
DA:121,1
DA:125,1
DA:126,1
DA:127,2
DA:129,1
DA:130,1
DA:131,1
DA:132,1
DA:134,2
DA:136,1
DA:145,3
DA:147,1
DA:156,3
DA:158,1
DA:167,3
DA:169,1
DA:180,1
DA:181,1
DA:183,3
DA:185,1
DA:194,3
DA:196,1
DA:205,3
DA:207,1
DA:216,3
DA:218,1
DA:230,1
DA:231,1
DA:232,2
DA:233,1
DA:237,1
DA:238,1
DA:239,2
DA:241,1
DA:242,1
DA:243,1
DA:245,2
DA:246,1
DA:249,2
DA:250,1
DA:251,1
DA:253,2
DA:254,1
DA:257,2
DA:258,1
DA:259,1
DA:261,2
DA:262,1
DA:265,2
DA:266,1
DA:267,1
DA:269,2
DA:270,1
DA:277,1
DA:278,1
DA:279,2
DA:281,1
DA:282,1
DA:283,1
DA:285,2
DA:286,1
DA:288,2
DA:290,2
DA:291,1
DA:292,1
DA:294,2
DA:295,1
DA:297,2
DA:299,2
DA:300,1
DA:302,2
DA:303,1
DA:307,2
DA:308,6
DA:309,2
DA:312,2
DA:314,2
DA:317,2
DA:319,2
DA:322,2
DA:324,2
DA:327,2
DA:331,1
DA:337,3
DA:338,1
DA:342,1
DA:344,1
DA:348,1
DA:350,1
DA:354,1
DA:356,1
DA:360,1
DA:365,6
DA:366,6
DA:367,12
DA:369,6
DA:370,6
DA:371,1
DA:372,1
DA:373,1
DA:376,1
DA:380,10
DA:381,2
DA:383,6
DA:385,3
DA:392,4
DA:393,4
DA:394,8
DA:395,2
DA:396,3
DA:397,4
DA:398,2
DA:399,1
DA:403,1
DA:406,2
DA:408,1
DA:413,1
DA:414,1
DA:415,1
DA:417,1
DA:418,1
DA:423,4
DA:424,3
DA:425,3
DA:426,2
DA:427,1
DA:428,1
DA:432,1
DA:435,4
DA:437,1
DA:442,2
DA:443,1
DA:444,1
DA:446,1
DA:447,1
DA:454,6
DA:455,6
DA:456,9
DA:457,4
DA:461,2
DA:462,2
DA:463,4
DA:464,5
DA:466,3
DA:469,10
DA:470,1
DA:471,1
DA:472,1
DA:474,1
DA:475,0
DA:476,0
DA:483,11
DA:484,1
DA:485,1
DA:486,1
DA:487,1
DA:488,0
DA:489,0
DA:491,0
DA:492,0
DA:501,6
DA:507,6
DA:508,6
DA:510,6
DA:511,6
DA:512,1
DA:514,5
DA:515,6
DA:516,1
DA:517,1
DA:518,1
DA:519,1
DA:520,1
DA:523,6
DA:524,6
DA:525,18
DA:526,6
DA:527,6
DA:529,8
DA:533,1
DA:534,1
DA:535,2
DA:536,1
DA:537,0
DA:538,0
DA:540,0
DA:542,0
DA:544,0
DA:547,1
DA:548,2
DA:549,2
DA:550,0
DA:552,2
DA:555,1
LF:214
LH:201
end_of_record
TN:
SF:/home/peppidesu/dev/ruschess/core/src/piece.rs
FN:18,opposite
FNF:1
FNDA:1,opposite
DA:18,1
DA:19,1
DA:20,1
DA:21,1
LF:4
LH:4
end_of_record
TN:
SF:/home/peppidesu/dev/ruschess/core/src/position.rs
FN:9,new
FN:34,try_from
FN:68,from
FN:73,from
FN:78,from
FN:83,from
FN:88,fmt
FNF:7
FNDA:6,new
FNDA:1,try_from
FNDA:6,from
FNDA:6,from
FNDA:6,from
FNDA:6,from
FNDA:1,fmt
DA:9,6
DA:10,6
DA:11,1
DA:13,6
DA:14,1
DA:18,6
DA:23,6
DA:24,6
DA:27,4
DA:28,4
DA:34,1
DA:35,1
DA:36,1
DA:39,1
DA:40,1
DA:41,2
DA:42,1
DA:43,1
DA:44,1
DA:45,1
DA:46,1
DA:47,1
DA:48,1
DA:49,1
DA:51,1
DA:52,1
DA:53,1
DA:54,1
DA:55,1
DA:56,1
DA:57,1
DA:58,1
DA:59,1
DA:60,1
DA:63,1
DA:68,6
DA:69,6
DA:73,6
DA:78,6
DA:79,6
DA:83,6
DA:88,1
DA:89,1
DA:90,2
DA:91,1
LF:45
LH:45
end_of_record
TN:
SF:/home/peppidesu/dev/ruschess/core/src/state.rs
FN:47,fen_char_to_piece
FN:66,lex_fen_str
FN:136,empty
FN:147,new
FN:165,parse_fen_tokens
FN:228,from_fen
FN:233,default
FN:236,can_castle
FN:245,unset_castle
FN:254,legal_moves
FN:258,is_in_check
FN:264,is_checkmate
FN:267,is_stalemate
FN:270,is_draw
FN:273,check_castle_rights_waived
FN:289,apply_move
FNF:16
FNDA:1,fen_char_to_piece
FNDA:6,lex_fen_str
FNDA:3,empty
FNDA:6,new
FNDA:3,parse_fen_tokens
FNDA:3,from_fen
FNDA:4,default
FNDA:5,can_castle
FNDA:1,unset_castle
FNDA:1,legal_moves
FNDA:1,is_in_check
FNDA:0,is_checkmate
FNDA:0,is_stalemate
FNDA:0,is_draw
FNDA:1,check_castle_rights_waived
FNDA:1,apply_move
DA:47,1
DA:48,1
DA:49,1
DA:50,1
DA:51,1
DA:52,1
DA:53,1
DA:54,1
DA:56,1
DA:57,1
DA:58,1
DA:59,1
DA:60,1
DA:61,1
DA:62,1
DA:66,6
DA:67,5
DA:68,6
DA:69,20
DA:71,7
DA:74,8
DA:75,1
DA:76,15
DA:77,2
DA:78,2
DA:81,8
DA:84,5
DA:88,9
DA:90,9
DA:91,18
DA:92,1
DA:94,16
DA:96,5
DA:98,18
DA:99,21
DA:100,7
DA:103,4
DA:105,4
DA:106,6
DA:107,1
DA:109,10
DA:110,2
DA:111,3
DA:113,3
DA:116,6
DA:118,7
DA:120,6
DA:122,3
DA:124,6
DA:126,9
DA:128,7
DA:130,4
DA:132,4
DA:136,3
DA:138,3
DA:144,3
DA:147,6
DA:162,6
DA:165,3
DA:166,3
DA:167,3
DA:169,6
DA:171,4
DA:172,1
DA:173,1
DA:174,1
DA:175,1
DA:177,3
DA:178,5
DA:179,2
DA:181,2
DA:182,4
DA:183,2
DA:184,1
DA:187,1
DA:188,1
DA:189,1
DA:191,1
DA:192,1
DA:195,3
DA:196,1
DA:199,3
DA:200,6
DA:201,3
DA:202,1
DA:203,1
DA:206,2
DA:207,1
DA:208,1
DA:209,1
DA:210,1
DA:211,1
DA:213,1
DA:214,5
DA:215,5
DA:216,1
DA:218,1
DA:219,1
DA:221,1
DA:222,1
DA:226,1
DA:228,3
DA:229,3
DA:230,8
DA:231,2
DA:233,4
DA:234,4
DA:236,5
DA:237,5
DA:238,5
DA:239,5
DA:240,1
DA:241,1
DA:243,5
DA:245,1
DA:246,1
DA:247,1
DA:248,1
DA:249,1
DA:250,1
DA:252,1
DA:254,1
DA:255,1
DA:256,1
DA:258,1
DA:259,1
DA:260,1
DA:261,1
DA:262,4
DA:264,0
DA:265,0
DA:267,0
DA:268,0
DA:270,0
DA:271,0
DA:273,1
DA:274,1
DA:276,0
DA:277,0
DA:278,0
DA:279,0
DA:283,0
DA:284,0
DA:289,1
DA:290,1
DA:291,1
DA:293,1
DA:294,1
DA:295,1
DA:296,1
DA:297,1
DA:299,2
DA:300,1
DA:303,1
DA:305,0
DA:306,0
DA:307,0
DA:308,0
DA:310,0
DA:311,0
DA:313,0
DA:314,0
DA:316,0
DA:317,0
DA:318,0
DA:319,0
DA:321,0
DA:323,0
DA:329,0
DA:330,0
DA:331,0
DA:333,0
DA:334,0
DA:336,0
DA:338,0
DA:339,0
DA:340,0
DA:341,0
DA:342,0
DA:344,0
DA:345,0
DA:347,0
DA:349,1
DA:354,1
DA:355,1
DA:356,1
DA:358,1
DA:360,1
DA:362,0
DA:368,0
DA:369,0
DA:371,0
DA:372,0
DA:374,0
DA:375,0
DA:377,0
DA:378,0
LF:197
LH:148
end_of_record
